#-----------------------------------------------------------
# Vivado v2018.3 (64-bit)
# SW Build 2405991 on Thu Dec  6 23:38:27 MST 2018
# IP Build 2404404 on Fri Dec  7 01:43:56 MST 2018
# Start of session at: Mon Apr  6 14:42:28 2026
# Process ID: 23760
# Current directory: E:/workspace/Vivado/vivado2018.3/SciFiDetector_repository
# Command line: vivado.exe -mode batch -source create_project.tcl
# Log file: E:/workspace/Vivado/vivado2018.3/SciFiDetector_repository/vivado.log
# Journal file: E:/workspace/Vivado/vivado2018.3/SciFiDetector_repository\vivado.jou
#-----------------------------------------------------------
source create_project.tcl
# set project_name "SciFiDetector"
# set part "xc7z020clg400-2"
# set origin_dir [file normalize "."]
# create_project $project_name ../$project_name -part $part
# set proj_dir [get_property directory [current_project]]
# if {[string equal [get_filesets -quiet src] ""]} {
#     create_fileset -srcset src
# }
# set srcset [get_filesets src]
# set src_ip_dir "${origin_dir}/ip"
# if {[file exists $src_ip_dir]} {
#     set dest_ip_parent "${proj_dir}/${project_name}.srcs/sources_1/ip"
#     file mkdir $dest_ip_parent
#     # ÕżŹÕłČµ║Éńø«ÕĮĢÕåģÕ«╣Õł░ńø?µĀćńø«ÕĮ?
#     set ip_items [glob -nocomplain -directory $src_ip_dir *]
#     foreach item $ip_items {
#         file copy -force $item $dest_ip_parent
#     }
#     # Ķ«ŠńĮ« IP õ╗ōÕ║ōĶĘ?ÕŠäõĖ║ sources_1/ip
#     set_property ip_repo_paths "${dest_ip_parent}" [current_fileset]
#     update_ip_catalog -rebuild
#     # µĘ╗ÕŖĀµēĆµ£? .xci µ¢ćõ╗ČÕłĪŃ sources_1
#     set xci_files [glob -nocomplain -type f -directory "${dest_ip_parent}" "*.xci"]
#     foreach f $xci_files {
#         add_files -fileset sources_1 $f
#     }
#     puts "IP files added to sources_1"
# }
INFO: [IP_Flow 19-234] Refreshing IP repositories
INFO: [IP_Flow 19-1700] Loaded user IP repository 'e:/workspace/Vivado/vivado2018.3/SciFiDetector/SciFiDetector.srcs/sources_1/ip'.
INFO: [IP_Flow 19-2313] Loaded Vivado IP repository 'D:/Xilinx/Vivado/2018.3/data/ip'.
IP files added to sources_1
# set src_src_dir "${origin_dir}/src"
# if {[file exists $src_src_dir]} {
#     set dest_src_parent "${proj_dir}/${project_name}.srcs/sources_1/src"
#     file mkdir $dest_src_parent
#     # ÕżŹÕłČµ║Éńø«ÕĮĢÕåģÕ«╣Õł░ńø?µĀćńø«ÕĮ?
#     set src_items [glob -nocomplain -directory $src_src_dir *]
#     foreach item $src_items {
#         file copy -force $item $dest_src_parent
#     }
#     # µĘ╗ÕŖĀµēĆµ£? .v µ¢ćõ╗Č
#     set src_files [glob -nocomplain -type f -directory "${dest_src_parent}" "*.v" "*.vh" "*.vhd" "*.vhdl"]
#     foreach f $src_files {
#         add_files -fileset sources_1 $f
#     }
#     puts "Source files added to sources_1"
# }
Source files added to sources_1
# set bd_name ""
# set src_bd_dir "${origin_dir}/bd"
# if {[file exists $src_bd_dir]} {
#     set dest_bd_parent "${proj_dir}/${project_name}.srcs/sources_1/bd"
#     file mkdir $dest_bd_parent
#     # ÕżŹÕłČµ║Éńø«ÕĮĢÕåģÕ«╣Õł░ńø?µĀćńø«ÕĮ?
#     set bd_items [glob -nocomplain -directory $src_bd_dir *]
#     foreach item $bd_items {
#         file copy -force $item $dest_bd_parent
#     }
# 
#     # µ¤źµēŠ .bd µ¢ćõ╗Č
#     set bd_files [glob -nocomplain -type f -directory "${dest_bd_parent}" "*.bd"]
#     if {[llength $bd_files] == 0} {
#         set bd_files [glob -nocomplain -type f -directory "${dest_bd_parent}" "*/**.bd"]
#     }
#     if {[llength $bd_files] > 0} {
#         set bd_file [lindex $bd_files 0]
#         set bd_name [file rootname [file tail $bd_file]]
#         puts "BD name: $bd_name"
#     } else {
#         puts "Warning: No .bd file found in ${dest_bd_parent}"
#     }
# 
#     # Õ”éµ×£ÕŁśÕ£©Õ»╣Õ║öńÜäķćŹÕ╗? Tcl ĶäÜµ£¼
#     set bd_tcl_script "${dest_bd_parent}/${bd_name}.tcl"
#     if {[file exists $bd_tcl_script]} {
#         source $bd_tcl_script
#     } else {
#         # Õ”éµ×£µ▓Īµ£ē Tcl ĶäÜµ£¼’╝īÕłÖńø┤µÄźÕ░? .bd µ¢ćõ╗ČµĘ╗ÕŖĀÕł░ÕĘźń©?
#         if {[llength $bd_files] > 0} {
#             foreach f $bd_files {
#                 add_files -fileset sources_1 $f
#             }
#         }
#     }
# 
#     # ńö¤µłÉ wrapper
#     set wrapper_file "${dest_bd_parent}/${bd_name}/hdl/${bd_name}_wrapper.v"
#     if {[file exists $wrapper_file]} {
#         # wrapper ÕĘ▓ÕŁśÕ£Ī¦’╝īńø┤µÄźµĘ╗ÕŖ?
#         add_files -fileset sources_1 $wrapper_file
#     } else {
#         # Õ░ØĶ»ĢµēōÕ╝Ć BD Õ╣Čńö¤µł? wrapper
#         set bd_design_path "${dest_bd_parent}/${bd_name}/${bd_name}.bd"
#         if {[file exists $bd_design_path]} {
#             open_bd_design $bd_design_path
#             make_wrapper -files [get_files ${bd_name}.bd] -top -import
#             close_bd_design [current_bd_design]
#             # µĘ╗ÕŖĀńö¤µłÉńÜ? wrapper
#             if {[file exists $wrapper_file]} {
#                 add_files -fileset sources_1 $wrapper_file
#             }
#         }
#     }
# }
BD name: design_1
## namespace eval _tcl {
## proc get_script_folder {} {
##    set script_path [file normalize [info script]]
##    set script_folder [file dirname $script_path]
##    return $script_folder
## }
## }
## variable script_folder
## set script_folder [_tcl::get_script_folder]
## set scripts_vivado_version 2018.3
## set current_vivado_version [version -short]
## if { [string first $scripts_vivado_version $current_vivado_version] == -1 } {
##    puts ""
##    catch {common::send_msg_id "BD_TCL-109" "ERROR" "This script was generated using Vivado <$scripts_vivado_version> and is being run in <$current_vivado_version> of Vivado. Please run the script in Vivado <$scripts_vivado_version> then open the design in Vivado <$current_vivado_version>. Upgrade the design by running \"Tools => Report => Report IP Status...\", then run write_bd_tcl to create an updated script."}
## 
##    return 1
## }
## set list_projs [get_projects -quiet]
## if { $list_projs eq "" } {
##    create_project project_1 myproj -part xc7z020clg400-2
## }
## variable design_name
## set design_name design_1
## set errMsg ""
## set nRet 0
## set cur_design [current_bd_design -quiet]
## set list_cells [get_bd_cells -quiet]
## if { ${design_name} eq "" } {
##    # USE CASES:
##    #    1) Design_name not set
## 
##    set errMsg "Please set the variable <design_name> to a non-empty value."
##    set nRet 1
## 
## } elseif { ${cur_design} ne "" && ${list_cells} eq "" } {
##    # USE CASES:
##    #    2): Current design opened AND is empty AND names same.
##    #    3): Current design opened AND is empty AND names diff; design_name NOT in project.
##    #    4): Current design opened AND is empty AND names diff; design_name exists in project.
## 
##    if { $cur_design ne $design_name } {
##       common::send_msg_id "BD_TCL-001" "INFO" "Changing value of <design_name> from <$design_name> to <$cur_design> since current design is empty."
##       set design_name [get_property NAME $cur_design]
##    }
##    common::send_msg_id "BD_TCL-002" "INFO" "Constructing design in IPI design <$cur_design>..."
## 
## } elseif { ${cur_design} ne "" && $list_cells ne "" && $cur_design eq $design_name } {
##    # USE CASES:
##    #    5) Current design opened AND has components AND same names.
## 
##    set errMsg "Design <$design_name> already exists in your project, please set the variable <design_name> to another value."
##    set nRet 1
## } elseif { [get_files -quiet ${design_name}.bd] ne "" } {
##    # USE CASES: 
##    #    6) Current opened design, has components, but diff names, design_name exists in project.
##    #    7) No opened design, design_name exists in project.
## 
##    set errMsg "Design <$design_name> already exists in your project, please set the variable <design_name> to another value."
##    set nRet 2
## 
## } else {
##    # USE CASES:
##    #    8) No opened design, design_name not in project.
##    #    9) Current opened design, has components, but diff names, design_name not in project.
## 
##    common::send_msg_id "BD_TCL-003" "INFO" "Currently there is no design <$design_name> in project, so creating one..."
## 
##    create_bd_design $design_name
## 
##    common::send_msg_id "BD_TCL-004" "INFO" "Making design <$design_name> as current_bd_design."
##    current_bd_design $design_name
## 
## }
INFO: [BD_TCL-3] Currently there is no design <design_1> in project, so creating one...
Wrote  : <E:\workspace\Vivado\vivado2018.3\SciFiDetector\SciFiDetector.srcs\sources_1\bd\design_1\design_1.bd> 
INFO: [BD_TCL-4] Making design <design_1> as current_bd_design.
## common::send_msg_id "BD_TCL-005" "INFO" "Currently the variable <design_name> is equal to \"$design_name\"."
INFO: [BD_TCL-5] Currently the variable <design_name> is equal to "design_1".
## if { $nRet != 0 } {
##    catch {common::send_msg_id "BD_TCL-114" "ERROR" $errMsg}
##    return $nRet
## }
## set bCheckIPsPassed 1
## set bCheckIPs 1
## if { $bCheckIPs == 1 } {
##    set list_check_ips "\ 
## xilinx.com:ip:axi_bram_ctrl:4.1\
## xilinx.com:user:axi_lite_ctrl:1.0\
## xilinx.com:ip:blk_mem_gen:8.4\
## xilinx.com:user:daq_axi_lite:1.0\
## xilinx.com:ip:processing_system7:5.5\
## xilinx.com:ip:proc_sys_reset:5.0\
## xilinx.com:ip:system_ila:1.1\
## xilinx.com:user:wave_bram_ctrl:1.0\
## xilinx.com:ip:xlconcat:2.1\
## "
## 
##    set list_ips_missing ""
##    common::send_msg_id "BD_TCL-006" "INFO" "Checking if the following IPs exist in the project's IP catalog: $list_check_ips ."
## 
##    foreach ip_vlnv $list_check_ips {
##       set ip_obj [get_ipdefs -all $ip_vlnv]
##       if { $ip_obj eq "" } {
##          lappend list_ips_missing $ip_vlnv
##       }
##    }
## 
##    if { $list_ips_missing ne "" } {
##       catch {common::send_msg_id "BD_TCL-115" "ERROR" "The following IPs are not found in the IP Catalog:\n  $list_ips_missing\n\nResolution: Please add the repository containing the IP(s) to the project." }
##       set bCheckIPsPassed 0
##    }
## 
## }
INFO: [BD_TCL-6] Checking if the following IPs exist in the project's IP catalog:  
xilinx.com:ip:axi_bram_ctrl:4.1 xilinx.com:user:axi_lite_ctrl:1.0 xilinx.com:ip:blk_mem_gen:8.4 xilinx.com:user:daq_axi_lite:1.0 xilinx.com:ip:processing_system7:5.5 xilinx.com:ip:proc_sys_reset:5.0 xilinx.com:ip:system_ila:1.1 xilinx.com:user:wave_bram_ctrl:1.0 xilinx.com:ip:xlconcat:2.1  .
## set bCheckModules 1
## if { $bCheckModules == 1 } {
##    set list_check_mods "\ 
## adc_sample\
## dmca\
## mux_controller\
## "
## 
##    set list_mods_missing ""
##    common::send_msg_id "BD_TCL-006" "INFO" "Checking if the following modules exist in the project's sources: $list_check_mods ."
## 
##    foreach mod_vlnv $list_check_mods {
##       if { [can_resolve_reference $mod_vlnv] == 0 } {
##          lappend list_mods_missing $mod_vlnv
##       }
##    }
## 
##    if { $list_mods_missing ne "" } {
##       catch {common::send_msg_id "BD_TCL-115" "ERROR" "The following module(s) are not found in the project: $list_mods_missing" }
##       common::send_msg_id "BD_TCL-008" "INFO" "Please add source files for the missing module(s) above."
##       set bCheckIPsPassed 0
##    }
## }
INFO: [BD_TCL-6] Checking if the following modules exist in the project's sources:  
adc_sample dmca mux_controller  .
## if { $bCheckIPsPassed != 1 } {
##   common::send_msg_id "BD_TCL-1003" "WARNING" "Will not continue with creation of design due to the error(s) above."
##   return 3
## }
## proc create_root_design { parentCell } {
## 
##   variable script_folder
##   variable design_name
## 
##   if { $parentCell eq "" } {
##      set parentCell [get_bd_cells /]
##   }
## 
##   # Get object for parentCell
##   set parentObj [get_bd_cells $parentCell]
##   if { $parentObj == "" } {
##      catch {common::send_msg_id "BD_TCL-100" "ERROR" "Unable to find parent cell <$parentCell>!"}
##      return
##   }
## 
##   # Make sure parentObj is hier blk
##   set parentType [get_property TYPE $parentObj]
##   if { $parentType ne "hier" } {
##      catch {common::send_msg_id "BD_TCL-101" "ERROR" "Parent <$parentObj> has TYPE = <$parentType>. Expected to be <hier>."}
##      return
##   }
## 
##   # Save current instance; Restore later
##   set oldCurInst [current_bd_instance .]
## 
##   # Set parent object as current
##   current_bd_instance $parentObj
## 
## 
##   # Create interface ports
##   set DDR [ create_bd_intf_port -mode Master -vlnv xilinx.com:interface:ddrx_rtl:1.0 DDR ]
##   set FIXED_IO [ create_bd_intf_port -mode Master -vlnv xilinx.com:display_processing_system7:fixedio_rtl:1.0 FIXED_IO ]
## 
##   # Create ports
##   set adc_clk [ create_bd_port -dir O -type clk adc_clk ]
##   set adc_data [ create_bd_port -dir I -from 11 -to 0 adc_data ]
##   set cmp_in [ create_bd_port -dir I -from 7 -to 0 cmp_in ]
##   set mux_sel [ create_bd_port -dir O -from 2 -to 0 mux_sel ]
##   set mux_sel_en [ create_bd_port -dir O mux_sel_en ]
## 
##   # Create instance: adc_sample_0, and set properties
##   set block_name adc_sample
##   set block_cell_name adc_sample_0
##   if { [catch {set adc_sample_0 [create_bd_cell -type module -reference $block_name $block_cell_name] } errmsg] } {
##      catch {common::send_msg_id "BD_TCL-105" "ERROR" "Unable to add referenced block <$block_name>. Please add the files for ${block_name}'s definition into the project."}
##      return 1
##    } elseif { $adc_sample_0 eq "" } {
##      catch {common::send_msg_id "BD_TCL-106" "ERROR" "Unable to referenced block <$block_name>. Please add the files for ${block_name}'s definition into the project."}
##      return 1
##    }
##   
##   # Create instance: axi_bram_ctrl_0, and set properties
##   set axi_bram_ctrl_0 [ create_bd_cell -type ip -vlnv xilinx.com:ip:axi_bram_ctrl:4.1 axi_bram_ctrl_0 ]
##   set_property -dict [ list \
##    CONFIG.SINGLE_PORT_BRAM {1} \
##  ] $axi_bram_ctrl_0
## 
##   # Create instance: axi_lite_ctrl_0, and set properties
##   set axi_lite_ctrl_0 [ create_bd_cell -type ip -vlnv xilinx.com:user:axi_lite_ctrl:1.0 axi_lite_ctrl_0 ]
## 
##   # Create instance: blk_mem_gen_0, and set properties
##   set blk_mem_gen_0 [ create_bd_cell -type ip -vlnv xilinx.com:ip:blk_mem_gen:8.4 blk_mem_gen_0 ]
##   set_property -dict [ list \
##    CONFIG.EN_SAFETY_CKT {false} \
##    CONFIG.Enable_B {Use_ENB_Pin} \
##    CONFIG.Memory_Type {True_Dual_Port_RAM} \
##    CONFIG.Port_B_Clock {100} \
##    CONFIG.Port_B_Enable_Rate {100} \
##    CONFIG.Port_B_Write_Rate {50} \
##    CONFIG.Use_RSTB_Pin {true} \
##  ] $blk_mem_gen_0
## 
##   # Create instance: daq_axi_lite_0, and set properties
##   set daq_axi_lite_0 [ create_bd_cell -type ip -vlnv xilinx.com:user:daq_axi_lite:1.0 daq_axi_lite_0 ]
## 
##   # Create instance: dmca_0, and set properties
##   set block_name dmca
##   set block_cell_name dmca_0
##   if { [catch {set dmca_0 [create_bd_cell -type module -reference $block_name $block_cell_name] } errmsg] } {
##      catch {common::send_msg_id "BD_TCL-105" "ERROR" "Unable to add referenced block <$block_name>. Please add the files for ${block_name}'s definition into the project."}
##      return 1
##    } elseif { $dmca_0 eq "" } {
##      catch {common::send_msg_id "BD_TCL-106" "ERROR" "Unable to referenced block <$block_name>. Please add the files for ${block_name}'s definition into the project."}
##      return 1
##    }
##   
##   # Create instance: mux_controller_0, and set properties
##   set block_name mux_controller
##   set block_cell_name mux_controller_0
##   if { [catch {set mux_controller_0 [create_bd_cell -type module -reference $block_name $block_cell_name] } errmsg] } {
##      catch {common::send_msg_id "BD_TCL-105" "ERROR" "Unable to add referenced block <$block_name>. Please add the files for ${block_name}'s definition into the project."}
##      return 1
##    } elseif { $mux_controller_0 eq "" } {
##      catch {common::send_msg_id "BD_TCL-106" "ERROR" "Unable to referenced block <$block_name>. Please add the files for ${block_name}'s definition into the project."}
##      return 1
##    }
##   
##   # Create instance: processing_system7_0, and set properties
##   set processing_system7_0 [ create_bd_cell -type ip -vlnv xilinx.com:ip:processing_system7:5.5 processing_system7_0 ]
##   set_property -dict [ list \
##    CONFIG.PCW_ACT_APU_PERIPHERAL_FREQMHZ {666.666687} \
##    CONFIG.PCW_ACT_CAN_PERIPHERAL_FREQMHZ {10.000000} \
##    CONFIG.PCW_ACT_DCI_PERIPHERAL_FREQMHZ {10.158730} \
##    CONFIG.PCW_ACT_ENET0_PERIPHERAL_FREQMHZ {125.000000} \
##    CONFIG.PCW_ACT_ENET1_PERIPHERAL_FREQMHZ {10.000000} \
##    CONFIG.PCW_ACT_FPGA0_PERIPHERAL_FREQMHZ {66.666672} \
##    CONFIG.PCW_ACT_FPGA1_PERIPHERAL_FREQMHZ {250.000000} \
##    CONFIG.PCW_ACT_FPGA2_PERIPHERAL_FREQMHZ {10.000000} \
##    CONFIG.PCW_ACT_FPGA3_PERIPHERAL_FREQMHZ {10.000000} \
##    CONFIG.PCW_ACT_PCAP_PERIPHERAL_FREQMHZ {200.000000} \
##    CONFIG.PCW_ACT_QSPI_PERIPHERAL_FREQMHZ {200.000000} \
##    CONFIG.PCW_ACT_SDIO_PERIPHERAL_FREQMHZ {100.000000} \
##    CONFIG.PCW_ACT_SMC_PERIPHERAL_FREQMHZ {10.000000} \
##    CONFIG.PCW_ACT_SPI_PERIPHERAL_FREQMHZ {10.000000} \
##    CONFIG.PCW_ACT_TPIU_PERIPHERAL_FREQMHZ {200.000000} \
##    CONFIG.PCW_ACT_TTC0_CLK0_PERIPHERAL_FREQMHZ {111.111115} \
##    CONFIG.PCW_ACT_TTC0_CLK1_PERIPHERAL_FREQMHZ {111.111115} \
##    CONFIG.PCW_ACT_TTC0_CLK2_PERIPHERAL_FREQMHZ {111.111115} \
##    CONFIG.PCW_ACT_TTC1_CLK0_PERIPHERAL_FREQMHZ {111.111115} \
##    CONFIG.PCW_ACT_TTC1_CLK1_PERIPHERAL_FREQMHZ {111.111115} \
##    CONFIG.PCW_ACT_TTC1_CLK2_PERIPHERAL_FREQMHZ {111.111115} \
##    CONFIG.PCW_ACT_UART_PERIPHERAL_FREQMHZ {100.000000} \
##    CONFIG.PCW_ACT_WDT_PERIPHERAL_FREQMHZ {111.111115} \
##    CONFIG.PCW_ARMPLL_CTRL_FBDIV {40} \
##    CONFIG.PCW_CAN_PERIPHERAL_DIVISOR0 {1} \
##    CONFIG.PCW_CAN_PERIPHERAL_DIVISOR1 {1} \
##    CONFIG.PCW_CLK0_FREQ {66666672} \
##    CONFIG.PCW_CLK1_FREQ {250000000} \
##    CONFIG.PCW_CLK2_FREQ {10000000} \
##    CONFIG.PCW_CLK3_FREQ {10000000} \
##    CONFIG.PCW_CPU_CPU_PLL_FREQMHZ {1333.333} \
##    CONFIG.PCW_CPU_PERIPHERAL_DIVISOR0 {2} \
##    CONFIG.PCW_DCI_PERIPHERAL_DIVISOR0 {15} \
##    CONFIG.PCW_DCI_PERIPHERAL_DIVISOR1 {7} \
##    CONFIG.PCW_DDRPLL_CTRL_FBDIV {32} \
##    CONFIG.PCW_DDR_DDR_PLL_FREQMHZ {1066.667} \
##    CONFIG.PCW_DDR_PERIPHERAL_DIVISOR0 {2} \
##    CONFIG.PCW_DDR_RAM_HIGHADDR {0x3FFFFFFF} \
##    CONFIG.PCW_ENET0_ENET0_IO {MIO 16 .. 27} \
##    CONFIG.PCW_ENET0_GRP_MDIO_ENABLE {1} \
##    CONFIG.PCW_ENET0_GRP_MDIO_IO {MIO 52 .. 53} \
##    CONFIG.PCW_ENET0_PERIPHERAL_CLKSRC {IO PLL} \
##    CONFIG.PCW_ENET0_PERIPHERAL_DIVISOR0 {8} \
##    CONFIG.PCW_ENET0_PERIPHERAL_DIVISOR1 {1} \
##    CONFIG.PCW_ENET0_PERIPHERAL_ENABLE {1} \
##    CONFIG.PCW_ENET0_PERIPHERAL_FREQMHZ {1000 Mbps} \
##    CONFIG.PCW_ENET0_RESET_ENABLE {0} \
##    CONFIG.PCW_ENET1_PERIPHERAL_DIVISOR0 {1} \
##    CONFIG.PCW_ENET1_PERIPHERAL_DIVISOR1 {1} \
##    CONFIG.PCW_ENET1_RESET_ENABLE {0} \
##    CONFIG.PCW_ENET_RESET_ENABLE {1} \
##    CONFIG.PCW_ENET_RESET_SELECT {Share reset pin} \
##    CONFIG.PCW_EN_CLK1_PORT {1} \
##    CONFIG.PCW_EN_CLK2_PORT {0} \
##    CONFIG.PCW_EN_CLK3_PORT {0} \
##    CONFIG.PCW_EN_EMIO_CD_SDIO0 {0} \
##    CONFIG.PCW_EN_EMIO_ENET0 {0} \
##    CONFIG.PCW_EN_EMIO_GPIO {0} \
##    CONFIG.PCW_EN_EMIO_I2C0 {0} \
##    CONFIG.PCW_EN_ENET0 {1} \
##    CONFIG.PCW_EN_GPIO {1} \
##    CONFIG.PCW_EN_I2C0 {1} \
##    CONFIG.PCW_EN_QSPI {1} \
##    CONFIG.PCW_EN_SDIO0 {1} \
##    CONFIG.PCW_EN_UART1 {1} \
##    CONFIG.PCW_EN_USB0 {1} \
##    CONFIG.PCW_FCLK0_PERIPHERAL_DIVISOR0 {15} \
##    CONFIG.PCW_FCLK0_PERIPHERAL_DIVISOR1 {1} \
##    CONFIG.PCW_FCLK1_PERIPHERAL_DIVISOR0 {2} \
##    CONFIG.PCW_FCLK1_PERIPHERAL_DIVISOR1 {2} \
##    CONFIG.PCW_FCLK2_PERIPHERAL_DIVISOR0 {1} \
##    CONFIG.PCW_FCLK2_PERIPHERAL_DIVISOR1 {1} \
##    CONFIG.PCW_FCLK3_PERIPHERAL_DIVISOR0 {1} \
##    CONFIG.PCW_FCLK3_PERIPHERAL_DIVISOR1 {1} \
##    CONFIG.PCW_FCLK_CLK1_BUF {FALSE} \
##    CONFIG.PCW_FCLK_CLK2_BUF {FALSE} \
##    CONFIG.PCW_FCLK_CLK3_BUF {FALSE} \
##    CONFIG.PCW_FPGA0_PERIPHERAL_FREQMHZ {65} \
##    CONFIG.PCW_FPGA1_PERIPHERAL_FREQMHZ {250} \
##    CONFIG.PCW_FPGA2_PERIPHERAL_FREQMHZ {100} \
##    CONFIG.PCW_FPGA3_PERIPHERAL_FREQMHZ {100} \
##    CONFIG.PCW_FPGA_FCLK0_ENABLE {1} \
##    CONFIG.PCW_FPGA_FCLK1_ENABLE {1} \
##    CONFIG.PCW_FPGA_FCLK2_ENABLE {0} \
##    CONFIG.PCW_FPGA_FCLK3_ENABLE {0} \
##    CONFIG.PCW_GPIO_EMIO_GPIO_ENABLE {0} \
##    CONFIG.PCW_GPIO_EMIO_GPIO_IO {<Select>} \
##    CONFIG.PCW_GPIO_EMIO_GPIO_WIDTH {64} \
##    CONFIG.PCW_GPIO_MIO_GPIO_ENABLE {1} \
##    CONFIG.PCW_GPIO_MIO_GPIO_IO {MIO} \
##    CONFIG.PCW_I2C0_GRP_INT_ENABLE {0} \
##    CONFIG.PCW_I2C0_I2C0_IO {MIO 50 .. 51} \
##    CONFIG.PCW_I2C0_PERIPHERAL_ENABLE {1} \
##    CONFIG.PCW_I2C0_RESET_ENABLE {0} \
##    CONFIG.PCW_I2C1_RESET_ENABLE {0} \
##    CONFIG.PCW_I2C_PERIPHERAL_FREQMHZ {111.111115} \
##    CONFIG.PCW_I2C_RESET_ENABLE {1} \
##    CONFIG.PCW_I2C_RESET_SELECT {Share reset pin} \
##    CONFIG.PCW_IOPLL_CTRL_FBDIV {30} \
##    CONFIG.PCW_IO_IO_PLL_FREQMHZ {1000.000} \
##    CONFIG.PCW_IRQ_F2P_INTR {1} \
##    CONFIG.PCW_MIO_0_DIRECTION {inout} \
##    CONFIG.PCW_MIO_0_IOTYPE {LVCMOS 3.3V} \
##    CONFIG.PCW_MIO_0_PULLUP {enabled} \
##    CONFIG.PCW_MIO_0_SLEW {slow} \
##    CONFIG.PCW_MIO_10_DIRECTION {inout} \
##    CONFIG.PCW_MIO_10_IOTYPE {LVCMOS 3.3V} \
##    CONFIG.PCW_MIO_10_PULLUP {enabled} \
##    CONFIG.PCW_MIO_10_SLEW {slow} \
##    CONFIG.PCW_MIO_11_DIRECTION {inout} \
##    CONFIG.PCW_MIO_11_IOTYPE {LVCMOS 3.3V} \
##    CONFIG.PCW_MIO_11_PULLUP {enabled} \
##    CONFIG.PCW_MIO_11_SLEW {slow} \
##    CONFIG.PCW_MIO_12_DIRECTION {inout} \
##    CONFIG.PCW_MIO_12_IOTYPE {LVCMOS 3.3V} \
##    CONFIG.PCW_MIO_12_PULLUP {enabled} \
##    CONFIG.PCW_MIO_12_SLEW {slow} \
##    CONFIG.PCW_MIO_13_DIRECTION {inout} \
##    CONFIG.PCW_MIO_13_IOTYPE {LVCMOS 3.3V} \
##    CONFIG.PCW_MIO_13_PULLUP {enabled} \
##    CONFIG.PCW_MIO_13_SLEW {slow} \
##    CONFIG.PCW_MIO_14_DIRECTION {inout} \
##    CONFIG.PCW_MIO_14_IOTYPE {LVCMOS 3.3V} \
##    CONFIG.PCW_MIO_14_PULLUP {enabled} \
##    CONFIG.PCW_MIO_14_SLEW {slow} \
##    CONFIG.PCW_MIO_15_DIRECTION {inout} \
##    CONFIG.PCW_MIO_15_IOTYPE {LVCMOS 3.3V} \
##    CONFIG.PCW_MIO_15_PULLUP {enabled} \
##    CONFIG.PCW_MIO_15_SLEW {slow} \
##    CONFIG.PCW_MIO_16_DIRECTION {out} \
##    CONFIG.PCW_MIO_16_IOTYPE {HSTL 1.8V} \
##    CONFIG.PCW_MIO_16_PULLUP {enabled} \
##    CONFIG.PCW_MIO_16_SLEW {fast} \
##    CONFIG.PCW_MIO_17_DIRECTION {out} \
##    CONFIG.PCW_MIO_17_IOTYPE {HSTL 1.8V} \
##    CONFIG.PCW_MIO_17_PULLUP {enabled} \
##    CONFIG.PCW_MIO_17_SLEW {fast} \
##    CONFIG.PCW_MIO_18_DIRECTION {out} \
##    CONFIG.PCW_MIO_18_IOTYPE {HSTL 1.8V} \
##    CONFIG.PCW_MIO_18_PULLUP {enabled} \
##    CONFIG.PCW_MIO_18_SLEW {fast} \
##    CONFIG.PCW_MIO_19_DIRECTION {out} \
##    CONFIG.PCW_MIO_19_IOTYPE {HSTL 1.8V} \
##    CONFIG.PCW_MIO_19_PULLUP {enabled} \
##    CONFIG.PCW_MIO_19_SLEW {fast} \
##    CONFIG.PCW_MIO_1_DIRECTION {out} \
##    CONFIG.PCW_MIO_1_IOTYPE {LVCMOS 3.3V} \
##    CONFIG.PCW_MIO_1_PULLUP {enabled} \
##    CONFIG.PCW_MIO_1_SLEW {slow} \
##    CONFIG.PCW_MIO_20_DIRECTION {out} \
##    CONFIG.PCW_MIO_20_IOTYPE {HSTL 1.8V} \
##    CONFIG.PCW_MIO_20_PULLUP {enabled} \
##    CONFIG.PCW_MIO_20_SLEW {fast} \
##    CONFIG.PCW_MIO_21_DIRECTION {out} \
##    CONFIG.PCW_MIO_21_IOTYPE {HSTL 1.8V} \
##    CONFIG.PCW_MIO_21_PULLUP {enabled} \
##    CONFIG.PCW_MIO_21_SLEW {fast} \
##    CONFIG.PCW_MIO_22_DIRECTION {in} \
##    CONFIG.PCW_MIO_22_IOTYPE {HSTL 1.8V} \
##    CONFIG.PCW_MIO_22_PULLUP {enabled} \
##    CONFIG.PCW_MIO_22_SLEW {fast} \
##    CONFIG.PCW_MIO_23_DIRECTION {in} \
##    CONFIG.PCW_MIO_23_IOTYPE {HSTL 1.8V} \
##    CONFIG.PCW_MIO_23_PULLUP {enabled} \
##    CONFIG.PCW_MIO_23_SLEW {fast} \
##    CONFIG.PCW_MIO_24_DIRECTION {in} \
##    CONFIG.PCW_MIO_24_IOTYPE {HSTL 1.8V} \
##    CONFIG.PCW_MIO_24_PULLUP {enabled} \
##    CONFIG.PCW_MIO_24_SLEW {fast} \
##    CONFIG.PCW_MIO_25_DIRECTION {in} \
##    CONFIG.PCW_MIO_25_IOTYPE {HSTL 1.8V} \
##    CONFIG.PCW_MIO_25_PULLUP {enabled} \
##    CONFIG.PCW_MIO_25_SLEW {fast} \
##    CONFIG.PCW_MIO_26_DIRECTION {in} \
##    CONFIG.PCW_MIO_26_IOTYPE {HSTL 1.8V} \
##    CONFIG.PCW_MIO_26_PULLUP {enabled} \
##    CONFIG.PCW_MIO_26_SLEW {fast} \
##    CONFIG.PCW_MIO_27_DIRECTION {in} \
##    CONFIG.PCW_MIO_27_IOTYPE {HSTL 1.8V} \
##    CONFIG.PCW_MIO_27_PULLUP {enabled} \
##    CONFIG.PCW_MIO_27_SLEW {fast} \
##    CONFIG.PCW_MIO_28_DIRECTION {inout} \
##    CONFIG.PCW_MIO_28_IOTYPE {LVCMOS 1.8V} \
##    CONFIG.PCW_MIO_28_PULLUP {enabled} \
##    CONFIG.PCW_MIO_28_SLEW {slow} \
##    CONFIG.PCW_MIO_29_DIRECTION {in} \
##    CONFIG.PCW_MIO_29_IOTYPE {LVCMOS 1.8V} \
##    CONFIG.PCW_MIO_29_PULLUP {enabled} \
##    CONFIG.PCW_MIO_29_SLEW {slow} \
##    CONFIG.PCW_MIO_2_DIRECTION {inout} \
##    CONFIG.PCW_MIO_2_IOTYPE {LVCMOS 3.3V} \
##    CONFIG.PCW_MIO_2_PULLUP {disabled} \
##    CONFIG.PCW_MIO_2_SLEW {slow} \
##    CONFIG.PCW_MIO_30_DIRECTION {out} \
##    CONFIG.PCW_MIO_30_IOTYPE {LVCMOS 1.8V} \
##    CONFIG.PCW_MIO_30_PULLUP {enabled} \
##    CONFIG.PCW_MIO_30_SLEW {slow} \
##    CONFIG.PCW_MIO_31_DIRECTION {in} \
##    CONFIG.PCW_MIO_31_IOTYPE {LVCMOS 1.8V} \
##    CONFIG.PCW_MIO_31_PULLUP {enabled} \
##    CONFIG.PCW_MIO_31_SLEW {slow} \
##    CONFIG.PCW_MIO_32_DIRECTION {inout} \
##    CONFIG.PCW_MIO_32_IOTYPE {LVCMOS 1.8V} \
##    CONFIG.PCW_MIO_32_PULLUP {enabled} \
##    CONFIG.PCW_MIO_32_SLEW {slow} \
##    CONFIG.PCW_MIO_33_DIRECTION {inout} \
##    CONFIG.PCW_MIO_33_IOTYPE {LVCMOS 1.8V} \
##    CONFIG.PCW_MIO_33_PULLUP {enabled} \
##    CONFIG.PCW_MIO_33_SLEW {slow} \
##    CONFIG.PCW_MIO_34_DIRECTION {inout} \
##    CONFIG.PCW_MIO_34_IOTYPE {LVCMOS 1.8V} \
##    CONFIG.PCW_MIO_34_PULLUP {enabled} \
##    CONFIG.PCW_MIO_34_SLEW {slow} \
##    CONFIG.PCW_MIO_35_DIRECTION {inout} \
##    CONFIG.PCW_MIO_35_IOTYPE {LVCMOS 1.8V} \
##    CONFIG.PCW_MIO_35_PULLUP {enabled} \
##    CONFIG.PCW_MIO_35_SLEW {slow} \
##    CONFIG.PCW_MIO_36_DIRECTION {in} \
##    CONFIG.PCW_MIO_36_IOTYPE {LVCMOS 1.8V} \
##    CONFIG.PCW_MIO_36_PULLUP {enabled} \
##    CONFIG.PCW_MIO_36_SLEW {slow} \
##    CONFIG.PCW_MIO_37_DIRECTION {inout} \
##    CONFIG.PCW_MIO_37_IOTYPE {LVCMOS 1.8V} \
##    CONFIG.PCW_MIO_37_PULLUP {enabled} \
##    CONFIG.PCW_MIO_37_SLEW {slow} \
##    CONFIG.PCW_MIO_38_DIRECTION {inout} \
##    CONFIG.PCW_MIO_38_IOTYPE {LVCMOS 1.8V} \
##    CONFIG.PCW_MIO_38_PULLUP {enabled} \
##    CONFIG.PCW_MIO_38_SLEW {slow} \
##    CONFIG.PCW_MIO_39_DIRECTION {inout} \
##    CONFIG.PCW_MIO_39_IOTYPE {LVCMOS 1.8V} \
##    CONFIG.PCW_MIO_39_PULLUP {enabled} \
##    CONFIG.PCW_MIO_39_SLEW {slow} \
##    CONFIG.PCW_MIO_3_DIRECTION {inout} \
##    CONFIG.PCW_MIO_3_IOTYPE {LVCMOS 3.3V} \
##    CONFIG.PCW_MIO_3_PULLUP {disabled} \
##    CONFIG.PCW_MIO_3_SLEW {slow} \
##    CONFIG.PCW_MIO_40_DIRECTION {inout} \
##    CONFIG.PCW_MIO_40_IOTYPE {LVCMOS 1.8V} \
##    CONFIG.PCW_MIO_40_PULLUP {enabled} \
##    CONFIG.PCW_MIO_40_SLEW {slow} \
##    CONFIG.PCW_MIO_41_DIRECTION {inout} \
##    CONFIG.PCW_MIO_41_IOTYPE {LVCMOS 1.8V} \
##    CONFIG.PCW_MIO_41_PULLUP {enabled} \
##    CONFIG.PCW_MIO_41_SLEW {slow} \
##    CONFIG.PCW_MIO_42_DIRECTION {inout} \
##    CONFIG.PCW_MIO_42_IOTYPE {LVCMOS 1.8V} \
##    CONFIG.PCW_MIO_42_PULLUP {enabled} \
##    CONFIG.PCW_MIO_42_SLEW {slow} \
##    CONFIG.PCW_MIO_43_DIRECTION {inout} \
##    CONFIG.PCW_MIO_43_IOTYPE {LVCMOS 1.8V} \
##    CONFIG.PCW_MIO_43_PULLUP {enabled} \
##    CONFIG.PCW_MIO_43_SLEW {slow} \
##    CONFIG.PCW_MIO_44_DIRECTION {inout} \
##    CONFIG.PCW_MIO_44_IOTYPE {LVCMOS 1.8V} \
##    CONFIG.PCW_MIO_44_PULLUP {enabled} \
##    CONFIG.PCW_MIO_44_SLEW {slow} \
##    CONFIG.PCW_MIO_45_DIRECTION {inout} \
##    CONFIG.PCW_MIO_45_IOTYPE {LVCMOS 1.8V} \
##    CONFIG.PCW_MIO_45_PULLUP {enabled} \
##    CONFIG.PCW_MIO_45_SLEW {slow} \
##    CONFIG.PCW_MIO_46_DIRECTION {out} \
##    CONFIG.PCW_MIO_46_IOTYPE {LVCMOS 1.8V} \
##    CONFIG.PCW_MIO_46_PULLUP {enabled} \
##    CONFIG.PCW_MIO_46_SLEW {slow} \
##    CONFIG.PCW_MIO_47_DIRECTION {in} \
##    CONFIG.PCW_MIO_47_IOTYPE {LVCMOS 1.8V} \
##    CONFIG.PCW_MIO_47_PULLUP {enabled} \
##    CONFIG.PCW_MIO_47_SLEW {slow} \
##    CONFIG.PCW_MIO_48_DIRECTION {out} \
##    CONFIG.PCW_MIO_48_IOTYPE {LVCMOS 1.8V} \
##    CONFIG.PCW_MIO_48_PULLUP {enabled} \
##    CONFIG.PCW_MIO_48_SLEW {slow} \
##    CONFIG.PCW_MIO_49_DIRECTION {in} \
##    CONFIG.PCW_MIO_49_IOTYPE {LVCMOS 1.8V} \
##    CONFIG.PCW_MIO_49_PULLUP {enabled} \
##    CONFIG.PCW_MIO_49_SLEW {slow} \
##    CONFIG.PCW_MIO_4_DIRECTION {inout} \
##    CONFIG.PCW_MIO_4_IOTYPE {LVCMOS 3.3V} \
##    CONFIG.PCW_MIO_4_PULLUP {disabled} \
##    CONFIG.PCW_MIO_4_SLEW {slow} \
##    CONFIG.PCW_MIO_50_DIRECTION {inout} \
##    CONFIG.PCW_MIO_50_IOTYPE {LVCMOS 1.8V} \
##    CONFIG.PCW_MIO_50_PULLUP {enabled} \
##    CONFIG.PCW_MIO_50_SLEW {slow} \
##    CONFIG.PCW_MIO_51_DIRECTION {inout} \
##    CONFIG.PCW_MIO_51_IOTYPE {LVCMOS 1.8V} \
##    CONFIG.PCW_MIO_51_PULLUP {enabled} \
##    CONFIG.PCW_MIO_51_SLEW {slow} \
##    CONFIG.PCW_MIO_52_DIRECTION {out} \
##    CONFIG.PCW_MIO_52_IOTYPE {LVCMOS 1.8V} \
##    CONFIG.PCW_MIO_52_PULLUP {enabled} \
##    CONFIG.PCW_MIO_52_SLEW {slow} \
##    CONFIG.PCW_MIO_53_DIRECTION {inout} \
##    CONFIG.PCW_MIO_53_IOTYPE {LVCMOS 1.8V} \
##    CONFIG.PCW_MIO_53_PULLUP {enabled} \
##    CONFIG.PCW_MIO_53_SLEW {slow} \
##    CONFIG.PCW_MIO_5_DIRECTION {inout} \
##    CONFIG.PCW_MIO_5_IOTYPE {LVCMOS 3.3V} \
##    CONFIG.PCW_MIO_5_PULLUP {disabled} \
##    CONFIG.PCW_MIO_5_SLEW {slow} \
##    CONFIG.PCW_MIO_6_DIRECTION {out} \
##    CONFIG.PCW_MIO_6_IOTYPE {LVCMOS 3.3V} \
##    CONFIG.PCW_MIO_6_PULLUP {disabled} \
##    CONFIG.PCW_MIO_6_SLEW {slow} \
##    CONFIG.PCW_MIO_7_DIRECTION {out} \
##    CONFIG.PCW_MIO_7_IOTYPE {LVCMOS 3.3V} \
##    CONFIG.PCW_MIO_7_PULLUP {disabled} \
##    CONFIG.PCW_MIO_7_SLEW {slow} \
##    CONFIG.PCW_MIO_8_DIRECTION {out} \
##    CONFIG.PCW_MIO_8_IOTYPE {LVCMOS 3.3V} \
##    CONFIG.PCW_MIO_8_PULLUP {disabled} \
##    CONFIG.PCW_MIO_8_SLEW {slow} \
##    CONFIG.PCW_MIO_9_DIRECTION {inout} \
##    CONFIG.PCW_MIO_9_IOTYPE {LVCMOS 3.3V} \
##    CONFIG.PCW_MIO_9_PULLUP {enabled} \
##    CONFIG.PCW_MIO_9_SLEW {slow} \
##    CONFIG.PCW_MIO_TREE_PERIPHERALS {GPIO#Quad SPI Flash#Quad SPI Flash#Quad SPI Flash#Quad SPI Flash#Quad SPI Flash#Quad SPI Flash#GPIO#Quad SPI Flash#GPIO#GPIO#GPIO#GPIO#GPIO#GPIO#GPIO#Enet 0#Enet 0#Enet 0#Enet 0#Enet 0#Enet 0#Enet 0#Enet 0#Enet 0#Enet 0#Enet 0#Enet 0#USB 0#USB 0#USB 0#USB 0#USB 0#USB 0#USB 0#USB 0#USB 0#USB 0#USB 0#USB 0#SD 0#SD 0#SD 0#SD 0#SD 0#SD 0#USB Reset#SD 0#UART 1#UART 1#I2C 0#I2C 0#Enet 0#Enet 0} \
##    CONFIG.PCW_MIO_TREE_SIGNALS {gpio[0]#qspi0_ss_b#qspi0_io[0]#qspi0_io[1]#qspi0_io[2]#qspi0_io[3]/HOLD_B#qspi0_sclk#gpio[7]#qspi_fbclk#gpio[9]#gpio[10]#gpio[11]#gpio[12]#gpio[13]#gpio[14]#gpio[15]#tx_clk#txd[0]#txd[1]#txd[2]#txd[3]#tx_ctl#rx_clk#rxd[0]#rxd[1]#rxd[2]#rxd[3]#rx_ctl#data[4]#dir#stp#nxt#data[0]#data[1]#data[2]#data[3]#clk#data[5]#data[6]#data[7]#clk#cmd#data[0]#data[1]#data[2]#data[3]#reset#cd#tx#rx#scl#sda#mdc#mdio} \
##    CONFIG.PCW_NAND_GRP_D8_ENABLE {0} \
##    CONFIG.PCW_NAND_PERIPHERAL_ENABLE {0} \
##    CONFIG.PCW_NOR_GRP_A25_ENABLE {0} \
##    CONFIG.PCW_NOR_GRP_CS0_ENABLE {0} \
##    CONFIG.PCW_NOR_GRP_CS1_ENABLE {0} \
##    CONFIG.PCW_NOR_GRP_SRAM_CS0_ENABLE {0} \
##    CONFIG.PCW_NOR_GRP_SRAM_CS1_ENABLE {0} \
##    CONFIG.PCW_NOR_GRP_SRAM_INT_ENABLE {0} \
##    CONFIG.PCW_NOR_PERIPHERAL_ENABLE {0} \
##    CONFIG.PCW_PCAP_PERIPHERAL_DIVISOR0 {5} \
##    CONFIG.PCW_PRESET_BANK1_VOLTAGE {LVCMOS 1.8V} \
##    CONFIG.PCW_QSPI_GRP_FBCLK_ENABLE {1} \
##    CONFIG.PCW_QSPI_GRP_FBCLK_IO {MIO 8} \
##    CONFIG.PCW_QSPI_GRP_IO1_ENABLE {0} \
##    CONFIG.PCW_QSPI_GRP_SINGLE_SS_ENABLE {1} \
##    CONFIG.PCW_QSPI_GRP_SINGLE_SS_IO {MIO 1 .. 6} \
##    CONFIG.PCW_QSPI_GRP_SS1_ENABLE {0} \
##    CONFIG.PCW_QSPI_PERIPHERAL_DIVISOR0 {5} \
##    CONFIG.PCW_QSPI_PERIPHERAL_ENABLE {1} \
##    CONFIG.PCW_QSPI_PERIPHERAL_FREQMHZ {200} \
##    CONFIG.PCW_QSPI_QSPI_IO {MIO 1 .. 6} \
##    CONFIG.PCW_SD0_GRP_CD_ENABLE {1} \
##    CONFIG.PCW_SD0_GRP_CD_IO {MIO 47} \
##    CONFIG.PCW_SD0_GRP_POW_ENABLE {0} \
##    CONFIG.PCW_SD0_GRP_WP_ENABLE {0} \
##    CONFIG.PCW_SD0_PERIPHERAL_ENABLE {1} \
##    CONFIG.PCW_SD0_SD0_IO {MIO 40 .. 45} \
##    CONFIG.PCW_SDIO_PERIPHERAL_DIVISOR0 {10} \
##    CONFIG.PCW_SDIO_PERIPHERAL_FREQMHZ {100} \
##    CONFIG.PCW_SDIO_PERIPHERAL_VALID {1} \
##    CONFIG.PCW_SINGLE_QSPI_DATA_MODE {x4} \
##    CONFIG.PCW_SMC_PERIPHERAL_DIVISOR0 {1} \
##    CONFIG.PCW_SPI_PERIPHERAL_DIVISOR0 {1} \
##    CONFIG.PCW_TPIU_PERIPHERAL_DIVISOR0 {1} \
##    CONFIG.PCW_UART1_BAUD_RATE {460800} \
##    CONFIG.PCW_UART1_GRP_FULL_ENABLE {0} \
##    CONFIG.PCW_UART1_PERIPHERAL_ENABLE {1} \
##    CONFIG.PCW_UART1_UART1_IO {MIO 48 .. 49} \
##    CONFIG.PCW_UART_PERIPHERAL_DIVISOR0 {10} \
##    CONFIG.PCW_UART_PERIPHERAL_FREQMHZ {100} \
##    CONFIG.PCW_UART_PERIPHERAL_VALID {1} \
##    CONFIG.PCW_UIPARAM_ACT_DDR_FREQ_MHZ {533.333374} \
##    CONFIG.PCW_UIPARAM_DDR_BANK_ADDR_COUNT {3} \
##    CONFIG.PCW_UIPARAM_DDR_CL {7} \
##    CONFIG.PCW_UIPARAM_DDR_COL_ADDR_COUNT {10} \
##    CONFIG.PCW_UIPARAM_DDR_CWL {6} \
##    CONFIG.PCW_UIPARAM_DDR_DEVICE_CAPACITY {4096 MBits} \
##    CONFIG.PCW_UIPARAM_DDR_DRAM_WIDTH {16 Bits} \
##    CONFIG.PCW_UIPARAM_DDR_PARTNO {MT41J256M16 RE-125} \
##    CONFIG.PCW_UIPARAM_DDR_ROW_ADDR_COUNT {15} \
##    CONFIG.PCW_UIPARAM_DDR_SPEED_BIN {DDR3_1066F} \
##    CONFIG.PCW_UIPARAM_DDR_T_FAW {40.0} \
##    CONFIG.PCW_UIPARAM_DDR_T_RAS_MIN {35.0} \
##    CONFIG.PCW_UIPARAM_DDR_T_RC {48.91} \
##    CONFIG.PCW_UIPARAM_DDR_T_RCD {7} \
##    CONFIG.PCW_UIPARAM_DDR_T_RP {7} \
##    CONFIG.PCW_USB0_PERIPHERAL_ENABLE {1} \
##    CONFIG.PCW_USB0_PERIPHERAL_FREQMHZ {60} \
##    CONFIG.PCW_USB0_RESET_ENABLE {1} \
##    CONFIG.PCW_USB0_RESET_IO {MIO 46} \
##    CONFIG.PCW_USB0_USB0_IO {MIO 28 .. 39} \
##    CONFIG.PCW_USB1_RESET_ENABLE {0} \
##    CONFIG.PCW_USB_RESET_ENABLE {1} \
##    CONFIG.PCW_USB_RESET_SELECT {Share reset pin} \
##    CONFIG.PCW_USE_FABRIC_INTERRUPT {1} \
##    CONFIG.PCW_USE_S_AXI_GP0 {0} \
##    CONFIG.PCW_USE_S_AXI_HP0 {0} \
##  ] $processing_system7_0
## 
##   # Create instance: ps7_0_axi_periph, and set properties
##   set ps7_0_axi_periph [ create_bd_cell -type ip -vlnv xilinx.com:ip:axi_interconnect:2.1 ps7_0_axi_periph ]
##   set_property -dict [ list \
##    CONFIG.NUM_MI {3} \
##  ] $ps7_0_axi_periph
## 
##   # Create instance: rst_ps7_0_250M, and set properties
##   set rst_ps7_0_250M [ create_bd_cell -type ip -vlnv xilinx.com:ip:proc_sys_reset:5.0 rst_ps7_0_250M ]
## 
##   # Create instance: rst_ps7_0_66M, and set properties
##   set rst_ps7_0_66M [ create_bd_cell -type ip -vlnv xilinx.com:ip:proc_sys_reset:5.0 rst_ps7_0_66M ]
## 
##   # Create instance: system_ila_0, and set properties
##   set system_ila_0 [ create_bd_cell -type ip -vlnv xilinx.com:ip:system_ila:1.1 system_ila_0 ]
##   set_property -dict [ list \
##    CONFIG.C_BRAM_CNT {1.5} \
##    CONFIG.C_DATA_DEPTH {4096} \
##    CONFIG.C_MON_TYPE {NATIVE} \
##    CONFIG.C_NUM_OF_PROBES {13} \
##    CONFIG.C_PROBE0_TYPE {0} \
##    CONFIG.C_PROBE10_TYPE {0} \
##    CONFIG.C_PROBE11_TYPE {0} \
##    CONFIG.C_PROBE12_TYPE {0} \
##    CONFIG.C_PROBE1_TYPE {0} \
##    CONFIG.C_PROBE2_TYPE {0} \
##    CONFIG.C_PROBE3_TYPE {0} \
##    CONFIG.C_PROBE4_TYPE {0} \
##    CONFIG.C_PROBE5_TYPE {0} \
##    CONFIG.C_PROBE6_TYPE {0} \
##    CONFIG.C_PROBE7_TYPE {0} \
##    CONFIG.C_PROBE8_TYPE {0} \
##    CONFIG.C_PROBE9_TYPE {0} \
##  ] $system_ila_0
## 
##   # Create instance: system_ila_1, and set properties
##   set system_ila_1 [ create_bd_cell -type ip -vlnv xilinx.com:ip:system_ila:1.1 system_ila_1 ]
##   set_property -dict [ list \
##    CONFIG.C_DATA_DEPTH {4096} \
##    CONFIG.C_MON_TYPE {NATIVE} \
##    CONFIG.C_NUM_OF_PROBES {3} \
##    CONFIG.C_PROBE0_TYPE {0} \
##    CONFIG.C_PROBE1_TYPE {0} \
##    CONFIG.C_PROBE2_TYPE {0} \
##  ] $system_ila_1
## 
##   # Create instance: wave_bram_ctrl_0, and set properties
##   set wave_bram_ctrl_0 [ create_bd_cell -type ip -vlnv xilinx.com:user:wave_bram_ctrl:1.0 wave_bram_ctrl_0 ]
## 
##   # Create instance: xlconcat_0, and set properties
##   set xlconcat_0 [ create_bd_cell -type ip -vlnv xilinx.com:ip:xlconcat:2.1 xlconcat_0 ]
## 
##   # Create interface connections
##   connect_bd_intf_net -intf_net axi_bram_ctrl_0_BRAM_PORTA [get_bd_intf_pins axi_bram_ctrl_0/BRAM_PORTA] [get_bd_intf_pins blk_mem_gen_0/BRAM_PORTB]
##   connect_bd_intf_net -intf_net dmca_0_SHAPE_PARAMS [get_bd_intf_pins axi_lite_ctrl_0/SHAPE_PARAMS] [get_bd_intf_pins dmca_0/SHAPE_PARAMS]
##   connect_bd_intf_net -intf_net processing_system7_0_DDR [get_bd_intf_ports DDR] [get_bd_intf_pins processing_system7_0/DDR]
##   connect_bd_intf_net -intf_net processing_system7_0_FIXED_IO [get_bd_intf_ports FIXED_IO] [get_bd_intf_pins processing_system7_0/FIXED_IO]
##   connect_bd_intf_net -intf_net processing_system7_0_M_AXI_GP0 [get_bd_intf_pins processing_system7_0/M_AXI_GP0] [get_bd_intf_pins ps7_0_axi_periph/S00_AXI]
##   connect_bd_intf_net -intf_net ps7_0_axi_periph_M00_AXI [get_bd_intf_pins axi_lite_ctrl_0/S00_AXI] [get_bd_intf_pins ps7_0_axi_periph/M00_AXI]
##   connect_bd_intf_net -intf_net ps7_0_axi_periph_M01_AXI [get_bd_intf_pins daq_axi_lite_0/S00_AXI] [get_bd_intf_pins ps7_0_axi_periph/M01_AXI]
##   connect_bd_intf_net -intf_net ps7_0_axi_periph_M02_AXI [get_bd_intf_pins axi_bram_ctrl_0/S_AXI] [get_bd_intf_pins ps7_0_axi_periph/M02_AXI]
##   connect_bd_intf_net -intf_net wave_bram_ctrl_0_BRAM_PORTA [get_bd_intf_pins blk_mem_gen_0/BRAM_PORTA] [get_bd_intf_pins wave_bram_ctrl_0/BRAM_PORTA]
## 
##   # Create port connections
##   connect_bd_net -net adc_data_0_1 [get_bd_ports adc_data] [get_bd_pins adc_sample_0/adc_data]
##   connect_bd_net -net adc_sample_0_adc_clk [get_bd_ports adc_clk] [get_bd_pins adc_sample_0/adc_clk]
##   connect_bd_net -net adc_sample_0_adc_fifo_data [get_bd_pins adc_sample_0/adc_fifo_data] [get_bd_pins dmca_0/adc_fifo_data] [get_bd_pins system_ila_0/probe12] [get_bd_pins wave_bram_ctrl_0/adc_fifo_data]
## set_property HDL_ATTRIBUTE.DEBUG {true} [get_bd_nets adc_sample_0_adc_fifo_data]
##   connect_bd_net -net axi_lite_ctrl_0_adc_en [get_bd_pins adc_sample_0/adc_en] [get_bd_pins axi_lite_ctrl_0/adc_en] [get_bd_pins mux_controller_0/mux_en]
##   connect_bd_net -net axi_lite_ctrl_0_daq_en [get_bd_pins axi_lite_ctrl_0/daq_en] [get_bd_pins daq_axi_lite_0/daq_en] [get_bd_pins dmca_0/alg_en] [get_bd_pins system_ila_0/probe3]
## set_property HDL_ATTRIBUTE.DEBUG {true} [get_bd_nets axi_lite_ctrl_0_daq_en]
##   connect_bd_net -net axi_lite_ctrl_0_daq_intr_clr [get_bd_pins axi_lite_ctrl_0/daq_intr_clr] [get_bd_pins daq_axi_lite_0/daq_intr_clr] [get_bd_pins system_ila_0/probe4]
## set_property HDL_ATTRIBUTE.DEBUG {true} [get_bd_nets axi_lite_ctrl_0_daq_intr_clr]
##   connect_bd_net -net axi_lite_ctrl_0_wave_en [get_bd_pins axi_lite_ctrl_0/wave_en] [get_bd_pins system_ila_0/probe0] [get_bd_pins wave_bram_ctrl_0/wave_en]
## set_property HDL_ATTRIBUTE.DEBUG {true} [get_bd_nets axi_lite_ctrl_0_wave_en]
##   connect_bd_net -net axi_lite_ctrl_0_wave_intr_clr [get_bd_pins axi_lite_ctrl_0/wave_intr_clr] [get_bd_pins system_ila_0/probe5] [get_bd_pins wave_bram_ctrl_0/wave_intr_clr]
## set_property HDL_ATTRIBUTE.DEBUG {true} [get_bd_nets axi_lite_ctrl_0_wave_intr_clr]
##   connect_bd_net -net cmp_in_0_1 [get_bd_ports cmp_in] [get_bd_pins mux_controller_0/cmp_in] [get_bd_pins system_ila_1/probe2]
## set_property HDL_ATTRIBUTE.DEBUG {true} [get_bd_nets cmp_in_0_1]
##   connect_bd_net -net daq_axi_lite_0_intr [get_bd_pins system_ila_0/probe8] [get_bd_pins wave_bram_ctrl_0/wave_intr] [get_bd_pins xlconcat_0/In1]
## set_property HDL_ATTRIBUTE.DEBUG {true} [get_bd_nets daq_axi_lite_0_intr]
##   connect_bd_net -net daq_axi_lite_0_intr_clr_ack [get_bd_pins axi_lite_ctrl_0/daq_intr_clr_ack] [get_bd_pins daq_axi_lite_0/daq_intr_clr_ack] [get_bd_pins system_ila_0/probe10]
## set_property HDL_ATTRIBUTE.DEBUG {true} [get_bd_nets daq_axi_lite_0_intr_clr_ack]
##   connect_bd_net -net dmca_0_peak_value [get_bd_pins daq_axi_lite_0/peak_value] [get_bd_pins dmca_0/peak_value] [get_bd_pins system_ila_0/probe2]
## set_property HDL_ATTRIBUTE.DEBUG {true} [get_bd_nets dmca_0_peak_value]
##   connect_bd_net -net dmca_0_peak_value_ok [get_bd_pins daq_axi_lite_0/peak_value_ok] [get_bd_pins dmca_0/peak_value_ok] [get_bd_pins system_ila_0/probe1]
## set_property HDL_ATTRIBUTE.DEBUG {true} [get_bd_nets dmca_0_peak_value_ok]
##   connect_bd_net -net mux_controller_0_mux_sel [get_bd_ports mux_sel] [get_bd_pins daq_axi_lite_0/mux_sel] [get_bd_pins mux_controller_0/mux_sel] [get_bd_pins system_ila_1/probe1]
## set_property HDL_ATTRIBUTE.DEBUG {true} [get_bd_nets mux_controller_0_mux_sel]
##   connect_bd_net -net mux_controller_0_mux_sel_en [get_bd_ports mux_sel_en] [get_bd_pins daq_axi_lite_0/mux_sel_en] [get_bd_pins mux_controller_0/mux_sel_en] [get_bd_pins system_ila_1/probe0] [get_bd_pins wave_bram_ctrl_0/mux_sel_en]
## set_property HDL_ATTRIBUTE.DEBUG {true} [get_bd_nets mux_controller_0_mux_sel_en]
##   connect_bd_net -net processing_system7_0_FCLK_CLK0 [get_bd_pins adc_sample_0/sys_clk] [get_bd_pins axi_bram_ctrl_0/s_axi_aclk] [get_bd_pins axi_lite_ctrl_0/s00_axi_aclk] [get_bd_pins daq_axi_lite_0/s00_axi_aclk] [get_bd_pins daq_axi_lite_0/sys_clk] [get_bd_pins dmca_0/sys_clk] [get_bd_pins processing_system7_0/FCLK_CLK0] [get_bd_pins processing_system7_0/M_AXI_GP0_ACLK] [get_bd_pins ps7_0_axi_periph/ACLK] [get_bd_pins ps7_0_axi_periph/M00_ACLK] [get_bd_pins ps7_0_axi_periph/M01_ACLK] [get_bd_pins ps7_0_axi_periph/M02_ACLK] [get_bd_pins ps7_0_axi_periph/S00_ACLK] [get_bd_pins rst_ps7_0_66M/slowest_sync_clk] [get_bd_pins system_ila_0/clk] [get_bd_pins wave_bram_ctrl_0/sys_clk]
##   connect_bd_net -net processing_system7_0_FCLK_CLK3 [get_bd_pins mux_controller_0/sys_clk] [get_bd_pins processing_system7_0/FCLK_CLK1] [get_bd_pins rst_ps7_0_250M/slowest_sync_clk] [get_bd_pins system_ila_1/clk]
##   connect_bd_net -net processing_system7_0_FCLK_RESET0_N [get_bd_pins processing_system7_0/FCLK_RESET0_N] [get_bd_pins rst_ps7_0_250M/ext_reset_in] [get_bd_pins rst_ps7_0_66M/ext_reset_in]
##   connect_bd_net -net rst_ps7_0_250M_peripheral_aresetn [get_bd_pins mux_controller_0/sys_rstn] [get_bd_pins rst_ps7_0_250M/peripheral_aresetn]
##   connect_bd_net -net rst_ps7_0_66M_peripheral_aresetn [get_bd_pins adc_sample_0/sys_rstn] [get_bd_pins axi_bram_ctrl_0/s_axi_aresetn] [get_bd_pins axi_lite_ctrl_0/s00_axi_aresetn] [get_bd_pins daq_axi_lite_0/s00_axi_aresetn] [get_bd_pins daq_axi_lite_0/sys_rstn] [get_bd_pins dmca_0/sys_rstn] [get_bd_pins ps7_0_axi_periph/ARESETN] [get_bd_pins ps7_0_axi_periph/M00_ARESETN] [get_bd_pins ps7_0_axi_periph/M01_ARESETN] [get_bd_pins ps7_0_axi_periph/M02_ARESETN] [get_bd_pins ps7_0_axi_periph/S00_ARESETN] [get_bd_pins rst_ps7_0_66M/peripheral_aresetn] [get_bd_pins wave_bram_ctrl_0/sys_rstn]
##   connect_bd_net -net trapezd_data [get_bd_pins dmca_0/trapezd_data] [get_bd_pins system_ila_0/probe6]
## set_property HDL_ATTRIBUTE.DEBUG {true} [get_bd_nets trapezd_data]
##   connect_bd_net -net triangle_data [get_bd_pins dmca_0/triangle_data] [get_bd_pins system_ila_0/probe7]
## set_property HDL_ATTRIBUTE.DEBUG {true} [get_bd_nets triangle_data]
##   connect_bd_net -net wave_bram_ctrl_0_intr [get_bd_pins daq_axi_lite_0/daq_intr] [get_bd_pins system_ila_0/probe11] [get_bd_pins xlconcat_0/In0]
## set_property HDL_ATTRIBUTE.DEBUG {true} [get_bd_nets wave_bram_ctrl_0_intr]
##   connect_bd_net -net wave_bram_ctrl_0_intr_clr_ack [get_bd_pins axi_lite_ctrl_0/wave_intr_clr_ack] [get_bd_pins system_ila_0/probe9] [get_bd_pins wave_bram_ctrl_0/wave_intr_clr_ack]
## set_property HDL_ATTRIBUTE.DEBUG {true} [get_bd_nets wave_bram_ctrl_0_intr_clr_ack]
##   connect_bd_net -net xlconcat_0_dout [get_bd_pins processing_system7_0/IRQ_F2P] [get_bd_pins xlconcat_0/dout]
## 
##   # Create address segments
##   create_bd_addr_seg -range 0x00002000 -offset 0x40000000 [get_bd_addr_spaces processing_system7_0/Data] [get_bd_addr_segs axi_bram_ctrl_0/S_AXI/Mem0] SEG_axi_bram_ctrl_0_Mem0
##   create_bd_addr_seg -range 0x00010000 -offset 0x43C00000 [get_bd_addr_spaces processing_system7_0/Data] [get_bd_addr_segs axi_lite_ctrl_0/S00_AXI/S00_AXI_reg] SEG_axi_lite_ctrl_0_S00_AXI_reg
##   create_bd_addr_seg -range 0x00010000 -offset 0x43C10000 [get_bd_addr_spaces processing_system7_0/Data] [get_bd_addr_segs daq_axi_lite_0/S00_AXI/S00_AXI_reg] SEG_daq_axi_lite_0_S00_AXI_reg
## 
## 
##   # Restore current instance
##   current_bd_instance $oldCurInst
## 
##   validate_bd_design
##   save_bd_design
## }
## create_root_design ""
INFO: [IP_Flow 19-5107] Inferred bus interface 'adc_clk' of definition 'xilinx.com:signal:clock:1.0' (from X_INTERFACE_INFO parameter from HDL file).
INFO: [IP_Flow 19-5107] Inferred bus interface 'adc_clk' of definition 'xilinx.com:signal:clock:1.0' (from 'X_INTERFACE_INFO' attribute).
INFO: [IP_Flow 19-5107] Inferred bus interface 'sys_rstn' of definition 'xilinx.com:signal:reset:1.0' (from Xilinx Repository).
INFO: [IP_Flow 19-5107] Inferred bus interface 'sys_clk' of definition 'xilinx.com:signal:clock:1.0' (from Xilinx Repository).
INFO: [IP_Flow 19-4728] Bus Interface 'sys_rstn': Added interface parameter 'POLARITY' with value 'ACTIVE_LOW'.
INFO: [IP_Flow 19-4728] Bus Interface 'sys_clk': Added interface parameter 'ASSOCIATED_RESET' with value 'sys_rstn'.
INFO: [IP_Flow 19-4728] Bus Interface 'adc_clk': Added interface parameter 'FREQ_HZ' with value '66666672'.
WARNING: [IP_Flow 19-3153] Bus Interface 'adc_clk': ASSOCIATED_BUSIF bus parameter is missing.
WARNING: [IP_Flow 19-3153] Bus Interface 'sys_clk': ASSOCIATED_BUSIF bus parameter is missing.
INFO: [IP_Flow 19-234] Refreshing IP repositories
INFO: [IP_Flow 19-1700] Loaded user IP repository 'e:/workspace/Vivado/vivado2018.3/SciFiDetector/SciFiDetector.srcs/sources_1/ip'.
INFO: [xilinx.com:ip:axi_bram_ctrl:4.1-2] design_1_axi_bram_ctrl_0_0: In IP Integrator, please note that memory depth value gets calculated based on the Data Width of the IP and Address range selected in the Address Editor.Incase a validation error occured on the range of this parameter, please check if the selected Data width and the Address Range are valid. For valid Data width and memory depth values, please refer to the AXI BRAM Controller Product Guide.
INFO: [xilinx.com:ip:axi_bram_ctrl:4.1-1] design_1_axi_bram_ctrl_0_0: In IP Integrator, The Maximum address range supported is 2G. Selecting the address range more than 2G in the address editor may resets the value of Memory depth to default value (1024). please refer to the AXI BRAM Controller Product Guide.
INFO: [Device 21-403] Loading part xc7z020clg400-2
WARNING: [BD 41-1781] Updates have been made to one or more nets/interface connections marked for debug.
Debug nets, which are already connected to System ILA IP core in the block-design, will be automatically available for debug in Hardware Manager.
For unconnected Debug nets, please open synthesized design and use 'Set Up Debug' wizard to insert, modify or delete Debug Cores. Failure to do so could result in critical warnings and errors in the implementation flow.
WARNING: [BD 41-1284] Cannot set parameter SUGGESTED_PRIORITY on port /processing_system7_0/IRQ_F2P
WARNING: [BD 41-1284] Cannot set parameter SUGGESTED_PRIORITY on port /processing_system7_0/IRQ_F2P
WARNING: [BD 41-1284] Cannot set parameter SUGGESTED_PRIORITY on port /processing_system7_0/IRQ_F2P
WARNING: [BD 41-1284] Cannot set parameter SUGGESTED_PRIORITY on port /processing_system7_0/IRQ_F2P
WARNING: [BD 41-1284] Cannot set parameter SUGGESTED_PRIORITY on port /processing_system7_0/IRQ_F2P
WARNING: [BD 41-1284] Cannot set parameter SUGGESTED_PRIORITY on port /processing_system7_0/IRQ_F2P
WARNING: [BD 41-1284] Cannot set parameter SUGGESTED_PRIORITY on port /processing_system7_0/IRQ_F2P
WARNING: [BD 41-1284] Cannot set parameter SUGGESTED_PRIORITY on port /processing_system7_0/IRQ_F2P
WARNING: [BD 41-1284] Cannot set parameter SUGGESTED_PRIORITY on port /processing_system7_0/IRQ_F2P
WARNING: [BD 41-1284] Cannot set parameter SUGGESTED_PRIORITY on port /processing_system7_0/IRQ_F2P
WARNING: [BD 41-1284] Cannot set parameter SUGGESTED_PRIORITY on port /processing_system7_0/IRQ_F2P
WARNING: [BD 41-1284] Cannot set parameter SUGGESTED_PRIORITY on port /processing_system7_0/IRQ_F2P
WARNING: [BD 41-1284] Cannot set parameter SUGGESTED_PRIORITY on port /processing_system7_0/IRQ_F2P
WARNING: [BD 41-1284] Cannot set parameter SUGGESTED_PRIORITY on port /processing_system7_0/IRQ_F2P
WARNING: [BD 41-1284] Cannot set parameter SUGGESTED_PRIORITY on port /processing_system7_0/IRQ_F2P
WARNING: [BD 41-1284] Cannot set parameter SUGGESTED_PRIORITY on port /processing_system7_0/IRQ_F2P
WARNING: [BD 41-2180] Resetting the memory initialization file of </blk_mem_gen_0> to default.
WARNING: [BD 41-927] Following properties on pin /adc_sample_0/sys_clk have been updated from connected ip. They may not be synchronized with cell properties. You can set property on pin directly to confirm the value and resolve the warning.
	CLK_DOMAIN=design_1_processing_system7_0_0_FCLK_CLK0 
WARNING: [BD 41-927] Following properties on pin /adc_sample_0/adc_clk have been updated from connected ip. They may not be synchronized with cell properties. You can set property on pin directly to confirm the value and resolve the warning.
	CLK_DOMAIN=design_1_adc_sample_0_0_adc_clk 
WARNING: [BD 41-927] Following properties on pin /dmca_0/sys_clk have been updated from connected ip. They may not be synchronized with cell properties. You can set property on pin directly to confirm the value and resolve the warning.
	CLK_DOMAIN=design_1_processing_system7_0_0_FCLK_CLK0 
WARNING: [BD 41-927] Following properties on pin /mux_controller_0/sys_clk have been updated from connected ip. They may not be synchronized with cell properties. You can set property on pin directly to confirm the value and resolve the warning.
	CLK_DOMAIN=design_1_processing_system7_0_0_FCLK_CLK1 
WARNING: [BD 41-927] Following properties on pin /wave_bram_ctrl_0/sys_clk have been updated from connected ip. They may not be synchronized with cell properties. You can set property on pin directly to confirm the value and resolve the warning.
	CLK_DOMAIN=design_1_processing_system7_0_0_FCLK_CLK0 
validate_bd_design: Time (s): cpu = 00:00:07 ; elapsed = 00:00:12 . Memory (MB): peak = 883.641 ; gain = 126.957
Wrote  : <E:\workspace\Vivado\vivado2018.3\SciFiDetector\SciFiDetector.srcs\sources_1\bd\design_1\design_1.bd> 
# if {[string equal [get_filesets -quiet xdc] ""]} {
#     create_fileset -constrset xdc
# }
# set constrset [get_filesets xdc]
# set src_constr_dir "${origin_dir}/xdc"
# if {[file exists $src_constr_dir]} {
#     set dest_constr_parent "${proj_dir}/${project_name}.srcs/constrs_1"
#     file mkdir $dest_constr_parent
#     # ÕżŹÕłČµ║Éńø«ÕĮĢÕåģÕ«╣Õł░ńø?µĀćńø«ÕĮ?
#     set constr_items [glob -nocomplain -directory $src_constr_dir *]
#     foreach item $constr_items {
#         file copy -force $item $dest_constr_parent
#     }
#     set xdc_files [glob -nocomplain -type f -directory "${dest_constr_parent}" "*.xdc"]
#     foreach f $xdc_files {
#         add_files -fileset constrs_1 $f
#     }
#     puts "Constraint files added to constrs_1"
# }
Constraint files added to constrs_1
# if {[string equal [get_filesets -quiet sim] ""]} {
#     create_fileset -simset sim
# }
# set simset [get_filesets sim]
# set src_sim_dir "${origin_dir}/sim"
# if {[file exists $src_sim_dir]} {
#     set dest_sim_parent "${proj_dir}/${project_name}.srcs/sim_1"
#     file mkdir $dest_sim_parent
#     # ÕżŹÕłČµ║Éńø«ÕĮĢÕåģÕ«╣Õł░ńø?µĀćńø«ÕĮ?
#     set sim_items [glob -nocomplain -directory $src_sim_dir *]
#     foreach item $sim_items {
#         file copy -force $item $dest_sim_parent
#     }
#     set sim_files [glob -nocomplain -type f -directory "${dest_sim_parent}" "*.v" "*.vh" "*.vhd" "*.vhdl"]
#     foreach f $sim_files {
#         add_files -fileset sim_1 $f
#     }
#     puts "Simulation files added to sim_1"
# }
Simulation files added to sim_1
# set_property top ${bd_name}_wrapper [current_fileset]
# set src_sdk_dir "${origin_dir}/sdk"
# if {[file exists $src_sdk_dir]} {
#     set dest_sdk_dir "${proj_dir}/${project_name}.sdk"
#     file mkdir $dest_sdk_dir
#     set sdk_items [glob -nocomplain -directory $src_sdk_dir *]
#     foreach item $sdk_items {
#         file copy -force $item $dest_sdk_dir
#     }
#     puts "SDK files copied to ${dest_sdk_dir}"
# }
SDK files copied to E:/workspace/Vivado/vivado2018.3/SciFiDetector/SciFiDetector.sdk
# set src_uppercomputer_dir "${origin_dir}/UpperComputer"
# if {[file exists $src_uppercomputer_dir]} {
#     set dest_uppercomputer_dir "${proj_dir}/UpperComputer"
#     file mkdir $dest_uppercomputer_dir
#     set uppercomputer_items [glob -nocomplain -directory $src_uppercomputer_dir *]
#     foreach item $uppercomputer_items {
#         file copy -force $item $dest_uppercomputer_dir
#     }
#     puts "UpperComputer files copied to ${dest_uppercomputer_dir}"
# }
UpperComputer files copied to E:/workspace/Vivado/vivado2018.3/SciFiDetector/UpperComputer
# if {[string equal [get_runs -quiet synth_1] ""]} {
#     create_run -name synth_1 -part $part -flow {Vivado Synthesis 2017} -strategy "Vivado Synthesis Defaults" -report_strategy {No Reports} -constrset constrs_1
# }
# if {[string equal [get_runs -quiet impl_1] ""]} {
#     create_run -name impl_1 -part $part -flow {Vivado Implementation 2017} -strategy "Vivado Implementation Defaults" -report_strategy {No Reports} -constrset constrs_1 -parent_run synth_1
# }
# puts "Project setup completed."
Project setup completed.
INFO: [Common 17-206] Exiting Vivado at Mon Apr  6 14:43:20 2026...
